<?xml version="1.0" encoding="UTF-8"?>
<!-- Generated by org.testng.reporters.JUnitReportReporter -->
<testsuite hostname="Avinash-Patil" failures="0" tests="1" name="testPackage.CreateTaskTestCase" time="23.784" errors="0" timestamp="2023-08-10T13:03:20 IST" skipped="0">
  <testcase classname="testPackage.CreateTaskTestCase" name="createTaskMethod" time="23.784">
    <system-out>
      <![CDATA[Test start!!
Test successfull!!]]>
    </system-out>
  </testcase> <!-- createTaskMethod -->
  <system-out>
    <![CDATA[on start Test!!
Test start!!
Test successfull!!]]>
  </system-out>
</testsuite> <!-- testPackage.CreateTaskTestCase -->
