<?xml version="1.0" encoding="UTF-8"?>
<!-- Generated by org.testng.reporters.JUnitReportReporter -->
<testsuite hostname="Avinash-Patil" failures="0" tests="1" name="testPackage.CreateUserTestCase" time="16.313" errors="0" timestamp="2023-08-15T11:01:39 IST" skipped="0">
  <testcase classname="testPackage.CreateUserTestCase" name="createUserMethod" time="16.313">
    <system-out>
      <![CDATA[Test start!!
Test successfull!!]]>
    </system-out>
  </testcase> <!-- createUserMethod -->
  <system-out>
    <![CDATA[on start Test!!
Test start!!
Test successfull!!
Test start!!
Test successfull!!
Test start!!
Test successfull!!
Test start!!
Test successfull!!
Test start!!
This method is failed and taken a ScreenshotcreateTaskMethod]]>
  </system-out>
</testsuite> <!-- testPackage.CreateUserTestCase -->
