<?xml version="1.0" encoding="UTF-8"?>
<!-- Generated by org.testng.reporters.JUnitReportReporter -->
<testsuite hostname="Avinash-Patil" failures="0" tests="1" name="testPackage.CreateUserTestCase" time="18.495" errors="0" timestamp="2023-08-10T12:09:45 IST" skipped="0">
  <testcase classname="testPackage.CreateUserTestCase" name="createUserMethod" time="18.495">
    <system-out>
      <![CDATA[Test start!!
Test successfull!!]]>
    </system-out>
  </testcase> <!-- createUserMethod -->
  <system-out>
    <![CDATA[on start Test!!
Test start!!
Test successfull!!]]>
  </system-out>
</testsuite> <!-- testPackage.CreateUserTestCase -->
