<?xml version="1.0" encoding="UTF-8"?>
<!-- Generated by org.testng.reporters.JUnitReportReporter -->
<testsuite hostname="Avinash-Patil" failures="0" tests="1" name="testPackage.CreateCustProjectTestCase" time="13.484" errors="0" timestamp="2023-08-10T11:58:45 IST" skipped="0">
  <testcase classname="testPackage.CreateCustProjectTestCase" name="createCustomerProject" time="13.484">
    <system-out>
      <![CDATA[Test start!!
Test successfull!!]]>
    </system-out>
  </testcase> <!-- createCustomerProject -->
  <system-out>
    <![CDATA[on start Test!!
Test start!!
Test successfull!!
Test start!!
Test successfull!!
Test start!!
Test successfull!!
Test start!!
Test successfull!!
Test start!!
Test successfull!!]]>
  </system-out>
</testsuite> <!-- testPackage.CreateCustProjectTestCase -->
