<?xml version="1.0" encoding="UTF-8"?>
<!-- Generated by org.testng.reporters.JUnitReportReporter -->
<testsuite hostname="Avinash-Patil" failures="0" tests="2" name="testPackage.ValidLoginTestCase" time="29.916" errors="0" timestamp="2023-08-01T21:34:47 IST" skipped="0">
  <testcase classname="testPackage.ValidLoginTestCase" name="validLoginMethod" time="15.071">
    <system-out>
      <![CDATA[Test start!!
Test successfull!!]]>
    </system-out>
  </testcase> <!-- validLoginMethod -->
  <testcase classname="testPackage.ValidLoginTestCase" name="invalidLoginMethod" time="14.845">
    <system-out>
      <![CDATA[Test start!!
Test successfull!!]]>
    </system-out>
  </testcase> <!-- invalidLoginMethod -->
  <system-out>
    <![CDATA[on start Test!!
Test start!!
Test successfull!!
Test start!!
Test successfull!!
Test start!!
Test successfull!!
Test start!!
Test successfull!!]]>
  </system-out>
</testsuite> <!-- testPackage.ValidLoginTestCase -->
