<?xml version="1.0" encoding="UTF-8"?>
<!-- Generated by org.testng.reporters.JUnitReportReporter -->
<testsuite hostname="Avinash-Patil" failures="0" tests="2" name="testPackage.ValidLoginTestCase" time="22.563" errors="0" timestamp="2023-08-15T11:01:39 IST" skipped="0">
  <testcase classname="testPackage.ValidLoginTestCase" name="invalidLoginMethod" time="17.326">
    <system-out>
      <![CDATA[Test start!!
Test successfull!!]]>
    </system-out>
  </testcase> <!-- invalidLoginMethod -->
  <testcase classname="testPackage.ValidLoginTestCase" name="validLoginMethod" time="5.237">
    <system-out>
      <![CDATA[Test start!!
Test successfull!!]]>
    </system-out>
  </testcase> <!-- validLoginMethod -->
  <system-out>
    <![CDATA[on start Test!!
Test start!!
Test successfull!!
Test start!!
Test successfull!!
Test start!!
Test successfull!!
Test start!!
Test successfull!!
Test start!!
This method is failed and taken a ScreenshotcreateTaskMethod]]>
  </system-out>
</testsuite> <!-- testPackage.ValidLoginTestCase -->
