<?xml version="1.0" encoding="UTF-8"?>
<!-- Generated by org.testng.reporters.JUnitReportReporter -->
<testsuite hostname="Avinash-Patil" failures="0" tests="3" name="testNGAnnotations_Flags.Flag4" time="0.068" errors="0" timestamp="2023-07-31T12:34:36 IST" skipped="0">
  <testcase classname="testNGAnnotations_Flags.Flag4" name="createUserMethod" time="0.007"/>
  <testcase classname="testNGAnnotations_Flags.Flag4" name="logoutMethod" time="0.012"/>
  <testcase classname="testNGAnnotations_Flags.Flag4" name="loginMethod" time="0.049"/>
</testsuite> <!-- testNGAnnotations_Flags.Flag4 -->
