<?xml version="1.0" encoding="UTF-8"?>
<!-- Generated by org.testng.reporters.JUnitReportReporter -->
<testsuite hostname="DESKTOP-GB4G7VD" failures="0" tests="2" name="testNGExecution.TestMethod3" time="0.059" errors="0" timestamp="2023-07-18T15:22:39 IST" skipped="0">
  <testcase classname="testNGExecution.TestMethod3" name="testMEthod5" time="0.051">
    <system-out>
      <![CDATA[Thread Id of TestMethod5 : 20]]>
    </system-out>
  </testcase> <!-- testMEthod5 -->
  <testcase classname="testNGExecution.TestMethod3" name="testMEthod6" time="0.008">
    <system-out>
      <![CDATA[Thread Id of TestMethod6 : 20]]>
    </system-out>
  </testcase> <!-- testMEthod6 -->
  <system-out>
    <![CDATA[Thread Id of TestMethod5 : 20
Thread Id of TestMethod3 : 21
Thread Id of TestMethod1 : 19
Thread Id of TestMethod : 19
Thread Id of TestMethod6 : 20
Thread Id of TestMethod4 : 21]]>
  </system-out>
</testsuite> <!-- testNGExecution.TestMethod3 -->
