<?xml version="1.0" encoding="UTF-8"?>
<!-- Generated by org.testng.reporters.JUnitReportReporter -->
<testsuite hostname="Avinash-Patil" failures="0" tests="2" name="testNGAnnotations_Flags.Flag1" time="0.065" errors="0" timestamp="2023-07-31T11:39:48 IST" skipped="0">
  <testcase classname="testNGAnnotations_Flags.Flag1" name="method2" time="0.024">
    <system-out>
      <![CDATA[method2 from flag1]]>
    </system-out>
  </testcase> <!-- method2 -->
  <testcase classname="testNGAnnotations_Flags.Flag1" name="method1" time="0.041">
    <system-out>
      <![CDATA[method1 from flag1]]>
    </system-out>
  </testcase> <!-- method1 -->
  <system-out>
    <![CDATA[method1 from flag1
method2 from flag1]]>
  </system-out>
</testsuite> <!-- testNGAnnotations_Flags.Flag1 -->
