<?xml version="1.0" encoding="UTF-8"?>
<!-- Generated by org.testng.reporters.JUnitReportReporter -->
<testsuite hostname="DESKTOP-GB4G7VD" failures="0" tests="1" name="testNGPackage.Remo" time="0.046" errors="0" timestamp="2023-07-18T14:14:09 IST" skipped="0">
  <testcase classname="testNGPackage.Remo" name="g" time="0.046">
    <system-out>
      <![CDATA[This is Remo TestNG Class!!]]>
    </system-out>
  </testcase> <!-- g -->
  <system-out>
    <![CDATA[This is Remo TestNG Class!!]]>
  </system-out>
</testsuite> <!-- testNGPackage.Remo -->
