<?xml version="1.0" encoding="UTF-8"?>
<!-- Generated by org.testng.reporters.JUnitReportReporter -->
<testsuite hostname="DESKTOP-GB4G7VD" failures="0" tests="2" name="testNGAnnotations_Flags.Flag1" time="0.059" errors="0" timestamp="2023-07-20T15:17:10 IST" skipped="0">
  <testcase classname="testNGAnnotations_Flags.Flag1" name="method2" time="0.012">
    <system-out>
      <![CDATA[method2 from flag1]]>
    </system-out>
  </testcase> <!-- method2 -->
  <testcase classname="testNGAnnotations_Flags.Flag1" name="method1" time="0.047">
    <system-out>
      <![CDATA[method1 from flag1]]>
    </system-out>
  </testcase> <!-- method1 -->
  <system-out>
    <![CDATA[method1 from flag1
method2 from flag1]]>
  </system-out>
</testsuite> <!-- testNGAnnotations_Flags.Flag1 -->
