<?xml version="1.0" encoding="UTF-8"?>
<!-- Generated by org.testng.reporters.JUnitReportReporter -->
<testsuite hostname="DESKTOP-GB4G7VD" failures="0" tests="3" name="testNGAnnotations_Flags.Search" time="41.636" errors="0" timestamp="2023-07-20T14:53:15 IST" skipped="0">
  <testcase classname="testNGAnnotations_Flags.Search" name="aearch3" time="12.680"/>
  <testcase classname="testNGAnnotations_Flags.Search" name="search2" time="13.348"/>
  <testcase classname="testNGAnnotations_Flags.Search" name="search1" time="15.608"/>
</testsuite> <!-- testNGAnnotations_Flags.Search -->
