<?xml version="1.0" encoding="UTF-8"?>
<!-- Generated by org.testng.reporters.JUnitReportReporter -->
<testsuite hostname="DESKTOP-GB4G7VD" failures="0" tests="2" name="testNGExecution.SelectBrowser" time="35.190" errors="0" timestamp="2023-07-20T11:33:07 IST" skipped="0">
  <testcase classname="testNGExecution.SelectBrowser" name="testMethod" time="25.462"/>
  <testcase classname="testNGExecution.SelectBrowser" name="testMethod" time="9.728"/>
</testsuite> <!-- testNGExecution.SelectBrowser -->
