<?xml version="1.0" encoding="UTF-8"?>
<!-- Generated by org.testng.reporters.JUnitReportReporter -->
<testsuite hostname="Avinash-Patil" failures="0" tests="5" name="testNGAnnotations_Flags.ActiTimeDataProvider" time="27.581" errors="0" timestamp="2023-07-27T15:25:02 IST" skipped="0">
  <testcase classname="testNGAnnotations_Flags.ActiTimeDataProvider" name="f" time="4.322"/>
  <testcase classname="testNGAnnotations_Flags.ActiTimeDataProvider" name="f" time="5.339"/>
  <testcase classname="testNGAnnotations_Flags.ActiTimeDataProvider" name="f" time="8.849"/>
  <testcase classname="testNGAnnotations_Flags.ActiTimeDataProvider" name="f" time="4.766"/>
  <testcase classname="testNGAnnotations_Flags.ActiTimeDataProvider" name="f" time="4.305"/>
</testsuite> <!-- testNGAnnotations_Flags.ActiTimeDataProvider -->
