<?xml version="1.0" encoding="UTF-8"?>
<!-- Generated by org.testng.reporters.JUnitReportReporter -->
<testsuite hostname="DESKTOP-GB4G7VD" failures="0" tests="3" name="testNGAnnotations_Flags.Flag2" time="0.048" errors="0" timestamp="2023-07-20T15:26:46 IST" skipped="1">
  <testcase classname="testNGAnnotations_Flags.Flag2" name="method1" time="0.032">
    <system-out>
      <![CDATA[method1 from flag2]]>
    </system-out>
  </testcase> <!-- method1 -->
  <testcase classname="testNGAnnotations_Flags.Flag2" name="method3" time="0.016">
    <system-out>
      <![CDATA[method3 from flag2]]>
    </system-out>
  </testcase> <!-- method3 -->
  <testcase classname="testNGAnnotations_Flags.Flag2" name="method2">
    <skipped/>
  </testcase> <!-- method2 -->
  <system-out>
    <![CDATA[method1 from flag2
method3 from flag2]]>
  </system-out>
</testsuite> <!-- testNGAnnotations_Flags.Flag2 -->
