<?xml version="1.0" encoding="UTF-8"?>
<!-- Generated by org.testng.reporters.JUnitReportReporter -->
<testsuite hostname="Avinash-Patil" failures="0" tests="1" name="testNGPackage.AssertionInTestNG" time="11.968" errors="0" timestamp="2023-07-24T15:26:21 IST" skipped="0">
  <testcase classname="testNGPackage.AssertionInTestNG" name="assertionMethod" time="11.968"/>
</testsuite> <!-- testNGPackage.AssertionInTestNG -->
