<?xml version="1.0" encoding="UTF-8"?>
<!-- Generated by org.testng.reporters.JUnitReportReporter -->
<testsuite hostname="DESKTOP-GB4G7VD" failures="0" tests="2" name="testNGExecution.TestMethod1" time="0.084" errors="0" timestamp="2023-07-18T15:22:39 IST" skipped="0">
  <testcase classname="testNGExecution.TestMethod1" name="testMEthod1" time="0.074">
    <system-out>
      <![CDATA[Thread Id of TestMethod1 : 19]]>
    </system-out>
  </testcase> <!-- testMEthod1 -->
  <testcase classname="testNGExecution.TestMethod1" name="testMEthod2" time="0.010">
    <system-out>
      <![CDATA[Thread Id of TestMethod : 19]]>
    </system-out>
  </testcase> <!-- testMEthod2 -->
  <system-out>
    <![CDATA[Thread Id of TestMethod5 : 20
Thread Id of TestMethod3 : 21
Thread Id of TestMethod1 : 19
Thread Id of TestMethod : 19
Thread Id of TestMethod6 : 20
Thread Id of TestMethod4 : 21]]>
  </system-out>
</testsuite> <!-- testNGExecution.TestMethod1 -->
