<?xml version="1.0" encoding="UTF-8"?>
<!-- Generated by org.testng.reporters.JUnitReportReporter -->
<testsuite hostname="DESKTOP-GB4G7VD" failures="0" tests="2" name="testNGExecution.TestMethod2" time="0.095" errors="0" timestamp="2023-07-18T15:22:39 IST" skipped="0">
  <testcase classname="testNGExecution.TestMethod2" name="testMEthod4" time="0.030">
    <system-out>
      <![CDATA[Thread Id of TestMethod4 : 21]]>
    </system-out>
  </testcase> <!-- testMEthod4 -->
  <testcase classname="testNGExecution.TestMethod2" name="testMEthod3" time="0.065">
    <system-out>
      <![CDATA[Thread Id of TestMethod3 : 21]]>
    </system-out>
  </testcase> <!-- testMEthod3 -->
  <system-out>
    <![CDATA[Thread Id of TestMethod5 : 20
Thread Id of TestMethod3 : 21
Thread Id of TestMethod1 : 19
Thread Id of TestMethod : 19
Thread Id of TestMethod6 : 20
Thread Id of TestMethod4 : 21]]>
  </system-out>
</testsuite> <!-- testNGExecution.TestMethod2 -->
